<?xml version="1.0" encoding="UTF-8"?>
<!-- Generated by org.testng.reporters.JUnitReportReporter -->
<testsuite hostname="DESKTOP-4QG5HHP" failures="0" tests="5" name="tests.LoginPageTest" time="23.374" errors="0" timestamp="2024-01-03T16:50:23 IST" skipped="0">
  <testcase classname="tests.LoginPageTest" name="verifyThePasswordRecoveryFunctionality" time="4.708"/>
  <system-out/>
  <testcase classname="tests.LoginPageTest" name="verifyLoginFunctionalityWithCorrectCredentials" time="5.005"/>
  <system-out/>
  <testcase classname="tests.LoginPageTest" name="verifyLoginFunctionalityWithInCorrectCredentials" time="4.354"/>
  <system-out/>
  <testcase classname="tests.LoginPageTest" name="verifyEntertedUsernameAndPasswordAeNotRetained" time="5.772"/>
  <system-out/>
  <testcase classname="tests.LoginPageTest" name="verifyFunctionalityOfForgotPasswordButton" time="3.535"/>
  <system-out/>
</testsuite> <!-- tests.LoginPageTest -->
