<?xml version="1.0" encoding="UTF-8"?>
<!-- Generated by org.testng.reporters.JUnitReportReporter -->
<testsuite hostname="DESKTOP-4QG5HHP" failures="0" tests="5" name="tests.LoginPageTest" time="21.028" errors="0" timestamp="2024-01-03T16:59:56 IST" skipped="0">
  <testcase classname="tests.LoginPageTest" name="verifyEntertedUsernameAndPasswordAreNotRetained" time="4.271"/>
  <system-out/>
  <testcase classname="tests.LoginPageTest" name="verifyFunctionalityOfForgotPasswordButton" time="3.325"/>
  <system-out/>
  <testcase classname="tests.LoginPageTest" name="verifyThePasswordRecoveryFunctionality" time="5.606"/>
  <system-out/>
  <testcase classname="tests.LoginPageTest" name="verifyLoginFunctionalityWithInCorrectCredentials" time="3.128"/>
  <system-out/>
  <testcase classname="tests.LoginPageTest" name="verifyLoginFunctionalityWithCorrectCredentials" time="4.698"/>
  <system-out/>
</testsuite> <!-- tests.LoginPageTest -->
